[DEBUG] 2022-01-26 09:58:20.323 [main] InternalLoggerFactory - Using Log4J2 as the default logging framework
[DEBUG] 2022-01-26 09:58:20.343 [main] ResourceLeakDetector - -Dio.netty.leakDetection.level: simple
[DEBUG] 2022-01-26 09:58:20.344 [main] ResourceLeakDetector - -Dio.netty.leakDetection.targetRecords: 4
[DEBUG] 2022-01-26 09:58:20.352 [main] ResourceLeakDetectorFactory - Loaded default ResourceLeakDetector: io.netty.util.ResourceLeakDetector@6c44052e
[DEBUG] 2022-01-26 09:58:20.389 [main] PlatformDependent0 - -Dio.netty.noUnsafe: false
[DEBUG] 2022-01-26 09:58:20.390 [main] PlatformDependent0 - Java version: 16
[DEBUG] 2022-01-26 09:58:20.392 [main] PlatformDependent0 - sun.misc.Unsafe.theUnsafe: available
[DEBUG] 2022-01-26 09:58:20.393 [main] PlatformDependent0 - sun.misc.Unsafe.copyMemory: available
[DEBUG] 2022-01-26 09:58:20.397 [main] PlatformDependent0 - java.nio.Buffer.address: available
[DEBUG] 2022-01-26 09:58:20.399 [main] PlatformDependent0 - direct buffer constructor: unavailable: Reflective setAccessible(true) disabled
[DEBUG] 2022-01-26 09:58:20.401 [main] PlatformDependent0 - java.nio.Bits.unaligned: available, true
[DEBUG] 2022-01-26 09:58:20.404 [main] PlatformDependent0 - jdk.internal.misc.Unsafe.allocateUninitializedArray(int): unavailable: class io.netty.util.internal.PlatformDependent0$6 cannot access class jdk.internal.misc.Unsafe (in module java.base) because module java.base does not export jdk.internal.misc to unnamed module @2096442d
[DEBUG] 2022-01-26 09:58:20.407 [main] PlatformDependent0 - java.nio.DirectByteBuffer.<init>(long, int): unavailable
[DEBUG] 2022-01-26 09:58:20.407 [main] PlatformDependent - sun.misc.Unsafe: available
[DEBUG] 2022-01-26 09:58:20.408 [main] PlatformDependent - maxDirectMemory: 983564288 bytes (maybe)
[DEBUG] 2022-01-26 09:58:20.409 [main] PlatformDependent - -Dio.netty.tmpdir: C:\Users\Prakash\AppData\Local\Temp (java.io.tmpdir)
[DEBUG] 2022-01-26 09:58:20.409 [main] PlatformDependent - -Dio.netty.bitMode: 64 (sun.arch.data.model)
[DEBUG] 2022-01-26 09:58:20.411 [main] PlatformDependent - Platform: Windows
[DEBUG] 2022-01-26 09:58:20.412 [main] PlatformDependent - -Dio.netty.maxDirectMemory: -1 bytes
[DEBUG] 2022-01-26 09:58:20.413 [main] PlatformDependent - -Dio.netty.uninitializedArrayAllocationThreshold: -1
[DEBUG] 2022-01-26 09:58:20.415 [main] CleanerJava9 - java.nio.ByteBuffer.cleaner(): available
[DEBUG] 2022-01-26 09:58:20.416 [main] PlatformDependent - -Dio.netty.noPreferDirect: false
[DEBUG] 2022-01-26 09:58:20.433 [main] PlatformDependent - org.jctools-core.MpscChunkedArrayQueue: available
[DEBUG] 2022-01-26 09:58:20.474 [main] InternalThreadLocalMap - -Dio.netty.threadLocalMap.stringBuilder.initialSize: 1024
[DEBUG] 2022-01-26 09:58:20.475 [main] InternalThreadLocalMap - -Dio.netty.threadLocalMap.stringBuilder.maxSize: 4096
[DEBUG] 2022-01-26 09:58:20.807 [main] JdkSslContext - Default protocols (JDK): [TLSv1.3, TLSv1.2] 
[DEBUG] 2022-01-26 09:58:20.807 [main] JdkSslContext - Default cipher suites (JDK): [TLS_ECDHE_ECDSA_WITH_AES_256_GCM_SHA384, TLS_ECDHE_ECDSA_WITH_AES_128_GCM_SHA256, TLS_ECDHE_RSA_WITH_AES_128_GCM_SHA256, TLS_ECDHE_RSA_WITH_AES_256_GCM_SHA384, TLS_ECDHE_RSA_WITH_AES_128_CBC_SHA, TLS_ECDHE_RSA_WITH_AES_256_CBC_SHA, TLS_RSA_WITH_AES_128_GCM_SHA256, TLS_RSA_WITH_AES_128_CBC_SHA, TLS_RSA_WITH_AES_256_CBC_SHA, TLS_AES_128_GCM_SHA256, TLS_AES_256_GCM_SHA384]
[DEBUG] 2022-01-26 09:58:20.854 [main] MultithreadEventLoopGroup - -Dio.netty.eventLoopThreads: 8
[DEBUG] 2022-01-26 09:58:20.872 [main] NioEventLoop - -Dio.netty.noKeySetOptimization: false
[DEBUG] 2022-01-26 09:58:20.872 [main] NioEventLoop - -Dio.netty.selectorAutoRebuildThreshold: 512
[DEBUG] 2022-01-26 09:58:20.953 [main] PooledByteBufAllocator - -Dio.netty.allocator.numHeapArenas: 8
[DEBUG] 2022-01-26 09:58:20.953 [main] PooledByteBufAllocator - -Dio.netty.allocator.numDirectArenas: 8
[DEBUG] 2022-01-26 09:58:20.953 [main] PooledByteBufAllocator - -Dio.netty.allocator.pageSize: 8192
[DEBUG] 2022-01-26 09:58:20.953 [main] PooledByteBufAllocator - -Dio.netty.allocator.maxOrder: 11
[DEBUG] 2022-01-26 09:58:20.954 [main] PooledByteBufAllocator - -Dio.netty.allocator.chunkSize: 16777216
[DEBUG] 2022-01-26 09:58:20.954 [main] PooledByteBufAllocator - -Dio.netty.allocator.smallCacheSize: 256
[DEBUG] 2022-01-26 09:58:20.954 [main] PooledByteBufAllocator - -Dio.netty.allocator.normalCacheSize: 64
[DEBUG] 2022-01-26 09:58:20.954 [main] PooledByteBufAllocator - -Dio.netty.allocator.maxCachedBufferCapacity: 32768
[DEBUG] 2022-01-26 09:58:20.955 [main] PooledByteBufAllocator - -Dio.netty.allocator.cacheTrimInterval: 8192
[DEBUG] 2022-01-26 09:58:20.955 [main] PooledByteBufAllocator - -Dio.netty.allocator.cacheTrimIntervalMillis: 0
[DEBUG] 2022-01-26 09:58:20.955 [main] PooledByteBufAllocator - -Dio.netty.allocator.useCacheForAllThreads: true
[DEBUG] 2022-01-26 09:58:20.955 [main] PooledByteBufAllocator - -Dio.netty.allocator.maxCachedByteBuffersPerChunk: 1023
[DEBUG] 2022-01-26 09:58:20.978 [main] ByteBufUtil - -Dio.netty.allocator.type: pooled
[DEBUG] 2022-01-26 09:58:20.979 [main] ByteBufUtil - -Dio.netty.threadLocalDirectBufferSize: 0
[DEBUG] 2022-01-26 09:58:20.979 [main] ByteBufUtil - -Dio.netty.maxThreadLocalCharBufferSize: 16384
[DEBUG] 2022-01-26 09:58:21.768 [Forwarding newSession on session null to remote] DefaultChannelId - -Dio.netty.processId: 5176 (auto-detected)
[DEBUG] 2022-01-26 09:58:21.774 [Forwarding newSession on session null to remote] NetUtil - -Djava.net.preferIPv4Stack: false
[DEBUG] 2022-01-26 09:58:21.774 [Forwarding newSession on session null to remote] NetUtil - -Djava.net.preferIPv6Addresses: false
[DEBUG] 2022-01-26 09:58:21.800 [Forwarding newSession on session null to remote] NetUtilInitializations - Loopback interface: lo (Software Loopback Interface 1, 127.0.0.1)
[DEBUG] 2022-01-26 09:58:21.804 [Forwarding newSession on session null to remote] NetUtil - Failed to get SOMAXCONN from sysctl and file \proc\sys\net\core\somaxconn. Default: 200
[DEBUG] 2022-01-26 09:58:21.887 [Forwarding newSession on session null to remote] DefaultChannelId - -Dio.netty.machineId: 40:5b:d8:ff:fe:08:a7:17 (auto-detected)
[DEBUG] 2022-01-26 09:58:22.004 [AsyncHttpClient-1-2] AbstractByteBuf - -Dio.netty.buffer.checkAccessible: true
[DEBUG] 2022-01-26 09:58:22.005 [AsyncHttpClient-1-2] AbstractByteBuf - -Dio.netty.buffer.checkBounds: true
[DEBUG] 2022-01-26 09:58:22.006 [AsyncHttpClient-1-2] ResourceLeakDetectorFactory - Loaded default ResourceLeakDetector: io.netty.util.ResourceLeakDetector@2e363df3
[DEBUG] 2022-01-26 09:58:22.053 [AsyncHttpClient-1-2] Recycler - -Dio.netty.recycler.maxCapacityPerThread: 4096
[DEBUG] 2022-01-26 09:58:22.054 [AsyncHttpClient-1-2] Recycler - -Dio.netty.recycler.maxSharedCapacityFactor: 2
[DEBUG] 2022-01-26 09:58:22.054 [AsyncHttpClient-1-2] Recycler - -Dio.netty.recycler.linkCapacity: 16
[DEBUG] 2022-01-26 09:58:22.054 [AsyncHttpClient-1-2] Recycler - -Dio.netty.recycler.ratio: 8
[DEBUG] 2022-01-26 09:58:22.054 [AsyncHttpClient-1-2] Recycler - -Dio.netty.recycler.delayedQueue.ratio: 8
[DEBUG] 2022-01-26 09:58:23.271 [AsyncHttpClient-1-2] Brotli - brotli4j not in the classpath; Brotli support will be unavailable.
[DEBUG] 2022-01-26 09:58:23.582 [main] ThreadLocalRandom - -Dio.netty.initialSeedUniquifier: 0x7d4586930651a1d0
[INFO ] 2022-01-26 09:58:23.669 [main] LogsTest - launching Chrome Browser
[INFO ] 2022-01-26 09:58:26.075 [main] LogsTest - entering application URL
[WARN ] 2022-01-26 09:58:26.076 [main] LogsTest - This is warning message.....
[FATAL] 2022-01-26 09:58:26.076 [main] LogsTest - Hey this is just fatal error message.....
[DEBUG] 2022-01-26 09:58:26.077 [main] LogsTest - this is just debug message.....
[ERROR] 2022-01-26 09:58:26.077 [main] LogsTest - Hey this is error message.....
[INFO ] 2022-01-26 09:58:28.096 [main] LogsTest - launching Chrome Browser
[INFO ] 2022-01-26 09:58:29.627 [main] LogsTest - entering application URL
[WARN ] 2022-01-26 09:58:29.627 [main] LogsTest - This is warning message.....
[FATAL] 2022-01-26 09:58:29.627 [main] LogsTest - Hey this is just fatal error message.....
[DEBUG] 2022-01-26 09:58:29.627 [main] LogsTest - this is just debug message.....
[ERROR] 2022-01-26 09:58:29.628 [main] LogsTest - Hey this is error message.....
